<?xml version="1.0" encoding="UTF-8"?>
<testsuite xmlns:xsi="http://www.w3.org/2001/XMLSchema-instance" xsi:noNamespaceSchemaLocation="https://maven.apache.org/surefire/maven-surefire-plugin/xsd/surefire-test-report.xsd" version="3.0.2" name="pl.piomin.services.integration.CrossModuleWorkflowTest" time="0.225" tests="1" errors="1" skipped="0" failures="0">
  <properties>
[...]
</properties>
  <testcase name="" classname="pl.piomin.services.integration.CrossModuleWorkflowTest" time="0.225">
    <error message="Could not find a valid Docker environment. Please see logs and check configuration" type="java.lang.IllegalStateException"><![CDATA[java.lang.IllegalStateException: Could not find a valid Docker environment. Please see logs and check configuration
	at org.testcontainers.dockerclient.DockerClientProviderStrategy.lambda$getFirstValidStrategy$7(DockerClientProviderStrategy.java:274)
	at java.base/java.util.Optional.orElseThrow(Optional.java:403)
	at org.testcontainers.dockerclient.DockerClientProviderStrategy.getFirstValidStrategy(DockerClientProviderStrategy.java:265)
	at org.testcontainers.DockerClientFactory.getOrInitializeStrategy(DockerClientFactory.java:154)
	at org.testcontainers.DockerClientFactory.client(DockerClientFactory.java:196)
	at org.testcontainers.DockerClientFactory$1.getDockerClient(DockerClientFactory.java:108)
	at com.github.dockerjava.api.DockerClientDelegate.authConfig(DockerClientDelegate.java:109)
	at org.testcontainers.containers.GenericContainer.start(GenericContainer.java:321)
	at org.testcontainers.junit.jupiter.TestcontainersExtension$StoreAdapter.start(TestcontainersExtension.java:276)
	at org.testcontainers.junit.jupiter.TestcontainersExtension$StoreAdapter.access$200(TestcontainersExtension.java:263)
	at org.testcontainers.junit.jupiter.TestcontainersExtension.lambda$startContainers$4(TestcontainersExtension.java:83)
	at org.testcontainers.junit.jupiter.TestcontainersExtension.lambda$startContainers$5(TestcontainersExtension.java:83)
	at java.base/java.util.ArrayList.forEach(ArrayList.java:1596)
	at org.testcontainers.junit.jupiter.TestcontainersExtension.startContainers(TestcontainersExtension.java:83)
	at org.testcontainers.junit.jupiter.TestcontainersExtension.beforeAll(TestcontainersExtension.java:57)
	at java.base/java.util.ArrayList.forEach(ArrayList.java:1596)
]]></error>
    <system-out><![CDATA[17:47:44.942 [main] INFO org.springframework.test.context.support.AnnotationConfigContextLoaderUtils -- Could not detect default configuration classes for test class [pl.piomin.services.integration.CrossModuleWorkflowTest]: CrossModuleWorkflowTest does not declare any static, non-private, non-final, nested classes annotated with @Configuration.
17:47:44.994 [main] INFO org.springframework.boot.test.context.SpringBootTestContextBootstrapper -- Found @SpringBootConfiguration pl.piomin.services.WeddingPlannerApplication for test class pl.piomin.services.integration.CrossModuleWorkflowTest
17:47:45.052 [main] INFO org.testcontainers.images.PullPolicy -- Image pull policy will be performed by: DefaultPullPolicy()
17:47:45.053 [main] INFO org.testcontainers.utility.ImageNameSubstitutor -- Image name substitution will be performed by: DefaultImageNameSubstitutor (composite of 'ConfigurationFileImageNameSubstitutor' and 'PrefixingImageNameSubstitutor')
17:47:45.056 [main] INFO org.testcontainers.DockerClientFactory -- Testcontainers version: 1.20.6
17:47:45.129 [main] INFO org.testcontainers.dockerclient.DockerClientProviderStrategy -- Loaded org.testcontainers.dockerclient.UnixSocketClientProviderStrategy from ~/.testcontainers.properties, will try it first
17:47:45.134 [main] INFO org.testcontainers.dockerclient.DockerMachineClientProviderStrategy -- docker-machine executable was not found on PATH ([/Users/nirodha/.antigravity/antigravity/bin, /Users/nirodha/.nvm/versions/node/v20.19.4/bin, /Users/nirodha/development/flutter/bin, /opt/homebrew/opt/openjdk@21/bin, /opt/homebrew/opt/php@8.3/bin, /opt/homebrew/bin, /opt/homebrew/sbin, /usr/local/bin, /System/Cryptexes/App/usr/bin, /usr/bin, /bin, /usr/sbin, /sbin, /var/run/com.apple.security.cryptexd/codex.system/bootstrap/usr/local/bin, /var/run/com.apple.security.cryptexd/codex.system/bootstrap/usr/bin, /var/run/com.apple.security.cryptexd/codex.system/bootstrap/usr/appleinternal/bin, /opt/pkg/env/active/bin, /opt/pmk/env/global/bin, /opt/X11/bin, /Library/Apple/usr/bin, /Applications/iTerm.app/Contents/Resources/utilities, /Applications/010 Editor.app/Contents/CmdLine, /Users/nirodha/Library/Android/sdk/emulator, /Users/nirodha/Library/Android/sdk/tools, /Users/nirodha/Library/Android/sdk/tools/bin, /Users/nirodha/Library/Android/sdk/platform-tools])
17:47:45.134 [main] ERROR org.testcontainers.dockerclient.DockerClientProviderStrategy -- Could not find a valid Docker environment. Please check configuration. Attempted configurations were:
	UnixSocketClientProviderStrategy: failed with exception InvalidConfigurationException (Could not find unix domain socket). Root cause NoSuchFileException (/var/run/docker.sock)
	DockerDesktopClientProviderStrategy: failed with exception NullPointerException (Cannot invoke "java.nio.file.Path.toString()" because the return value of "org.testcontainers.dockerclient.DockerDesktopClientProviderStrategy.getSocketPath()" is null)As no valid configuration was found, execution cannot continue.
See https://java.testcontainers.org/on_failure.html for more details.
]]></system-out>
  </testcase>
</testsuite>